2023-09-13 16:43:55,589 - Log4JLogChute initialized using file 'velocity.log'
2023-09-13 16:43:55,589 - Initializing Velocity, Calling init()...
2023-09-13 16:43:55,589 - Starting Apache Velocity v1.7 (compiled: 2010-11-19 12:14:37)
2023-09-13 16:43:55,589 - Default Properties File: org\apache\velocity\runtime\defaults\velocity.properties
2023-09-13 16:43:55,589 - Trying to use logger class org.apache.velocity.runtime.log.AvalonLogChute
2023-09-13 16:43:55,589 - Target log system for org.apache.velocity.runtime.log.AvalonLogChute is not available (java.lang.NoClassDefFoundError: org/apache/log/format/Formatter).  Falling back to next log system...
2023-09-13 16:43:55,589 - Trying to use logger class org.apache.velocity.runtime.log.Log4JLogChute
2023-09-13 16:43:55,589 - Using logger class org.apache.velocity.runtime.log.Log4JLogChute
2023-09-13 16:43:55,596 - ResourceLoader instantiated: org.apache.velocity.runtime.resource.loader.FileResourceLoader
2023-09-13 16:43:55,597 - Do unicode file recognition:  false
2023-09-13 16:43:55,597 - FileResourceLoader : adding path '.'
2023-09-13 16:43:55,615 - ResourceCache: initialized (class org.apache.velocity.runtime.resource.ResourceCacheImpl) with class java.util.Collections$SynchronizedMap cache map.
2023-09-13 16:43:55,617 - Loaded System Directive: org.apache.velocity.runtime.directive.Stop
2023-09-13 16:43:55,618 - Loaded System Directive: org.apache.velocity.runtime.directive.Define
2023-09-13 16:43:55,620 - Loaded System Directive: org.apache.velocity.runtime.directive.Break
2023-09-13 16:43:55,621 - Loaded System Directive: org.apache.velocity.runtime.directive.Evaluate
2023-09-13 16:43:55,621 - Loaded System Directive: org.apache.velocity.runtime.directive.Literal
2023-09-13 16:43:55,622 - Loaded System Directive: org.apache.velocity.runtime.directive.Macro
2023-09-13 16:43:55,624 - Loaded System Directive: org.apache.velocity.runtime.directive.Parse
2023-09-13 16:43:55,626 - Loaded System Directive: org.apache.velocity.runtime.directive.Include
2023-09-13 16:43:55,627 - Loaded System Directive: org.apache.velocity.runtime.directive.Foreach
2023-09-13 16:43:55,672 - Created '20' parsers.
2023-09-13 16:43:55,680 - Velocimacro : "velocimacro.library" is not set.  Trying default library: VM_global_library.vm
2023-09-13 16:43:55,680 - Velocimacro : Default library not found.
2023-09-13 16:43:55,680 - Velocimacro : allowInline = true : VMs can be defined inline in templates
2023-09-13 16:43:55,680 - Velocimacro : allowInlineToOverride = false : VMs defined inline may NOT replace previous VM definitions
2023-09-13 16:43:55,680 - Velocimacro : allowInlineLocal = false : VMs defined inline will be global in scope if allowed.
2023-09-13 16:43:55,680 - Velocimacro : autoload off : VM system will not automatically reload global library macros
2023-09-13 17:36:45,204 - Log4JLogChute initialized using file 'velocity.log'
2023-09-13 17:36:45,205 - Initializing Velocity, Calling init()...
2023-09-13 17:36:45,205 - Starting Apache Velocity v1.7 (compiled: 2010-11-19 12:14:37)
2023-09-13 17:36:45,205 - Default Properties File: org\apache\velocity\runtime\defaults\velocity.properties
2023-09-13 17:36:45,205 - Trying to use logger class org.apache.velocity.runtime.log.AvalonLogChute
2023-09-13 17:36:45,205 - Target log system for org.apache.velocity.runtime.log.AvalonLogChute is not available (java.lang.NoClassDefFoundError: org/apache/log/format/Formatter).  Falling back to next log system...
2023-09-13 17:36:45,205 - Trying to use logger class org.apache.velocity.runtime.log.Log4JLogChute
2023-09-13 17:36:45,205 - Using logger class org.apache.velocity.runtime.log.Log4JLogChute
2023-09-13 17:36:45,211 - ResourceLoader instantiated: org.apache.velocity.runtime.resource.loader.FileResourceLoader
2023-09-13 17:36:45,213 - Do unicode file recognition:  false
2023-09-13 17:36:45,213 - FileResourceLoader : adding path '.'
2023-09-13 17:36:45,227 - ResourceCache: initialized (class org.apache.velocity.runtime.resource.ResourceCacheImpl) with class java.util.Collections$SynchronizedMap cache map.
2023-09-13 17:36:45,228 - Loaded System Directive: org.apache.velocity.runtime.directive.Stop
2023-09-13 17:36:45,230 - Loaded System Directive: org.apache.velocity.runtime.directive.Define
2023-09-13 17:36:45,231 - Loaded System Directive: org.apache.velocity.runtime.directive.Break
2023-09-13 17:36:45,232 - Loaded System Directive: org.apache.velocity.runtime.directive.Evaluate
2023-09-13 17:36:45,232 - Loaded System Directive: org.apache.velocity.runtime.directive.Literal
2023-09-13 17:36:45,234 - Loaded System Directive: org.apache.velocity.runtime.directive.Macro
2023-09-13 17:36:45,235 - Loaded System Directive: org.apache.velocity.runtime.directive.Parse
2023-09-13 17:36:45,237 - Loaded System Directive: org.apache.velocity.runtime.directive.Include
2023-09-13 17:36:45,238 - Loaded System Directive: org.apache.velocity.runtime.directive.Foreach
2023-09-13 17:36:45,274 - Created '20' parsers.
2023-09-13 17:36:45,282 - Velocimacro : "velocimacro.library" is not set.  Trying default library: VM_global_library.vm
2023-09-13 17:36:45,282 - Velocimacro : Default library not found.
2023-09-13 17:36:45,282 - Velocimacro : allowInline = true : VMs can be defined inline in templates
2023-09-13 17:36:45,282 - Velocimacro : allowInlineToOverride = false : VMs defined inline may NOT replace previous VM definitions
2023-09-13 17:36:45,282 - Velocimacro : allowInlineLocal = false : VMs defined inline will be global in scope if allowed.
2023-09-13 17:36:45,282 - Velocimacro : autoload off : VM system will not automatically reload global library macros
2023-09-13 17:37:19,357 - Log4JLogChute initialized using file 'velocity.log'
2023-09-13 17:37:19,357 - Initializing Velocity, Calling init()...
2023-09-13 17:37:19,357 - Starting Apache Velocity v1.7 (compiled: 2010-11-19 12:14:37)
2023-09-13 17:37:19,357 - Default Properties File: org\apache\velocity\runtime\defaults\velocity.properties
2023-09-13 17:37:19,357 - Trying to use logger class org.apache.velocity.runtime.log.AvalonLogChute
2023-09-13 17:37:19,357 - Target log system for org.apache.velocity.runtime.log.AvalonLogChute is not available (java.lang.NoClassDefFoundError: org/apache/log/format/Formatter).  Falling back to next log system...
2023-09-13 17:37:19,357 - Trying to use logger class org.apache.velocity.runtime.log.Log4JLogChute
2023-09-13 17:37:19,357 - Using logger class org.apache.velocity.runtime.log.Log4JLogChute
2023-09-13 17:37:19,363 - ResourceLoader instantiated: org.apache.velocity.runtime.resource.loader.FileResourceLoader
2023-09-13 17:37:19,364 - Do unicode file recognition:  false
2023-09-13 17:37:19,364 - FileResourceLoader : adding path '.'
2023-09-13 17:37:19,378 - ResourceCache: initialized (class org.apache.velocity.runtime.resource.ResourceCacheImpl) with class java.util.Collections$SynchronizedMap cache map.
2023-09-13 17:37:19,379 - Loaded System Directive: org.apache.velocity.runtime.directive.Stop
2023-09-13 17:37:19,380 - Loaded System Directive: org.apache.velocity.runtime.directive.Define
2023-09-13 17:37:19,382 - Loaded System Directive: org.apache.velocity.runtime.directive.Break
2023-09-13 17:37:19,383 - Loaded System Directive: org.apache.velocity.runtime.directive.Evaluate
2023-09-13 17:37:19,383 - Loaded System Directive: org.apache.velocity.runtime.directive.Literal
2023-09-13 17:37:19,385 - Loaded System Directive: org.apache.velocity.runtime.directive.Macro
2023-09-13 17:37:19,387 - Loaded System Directive: org.apache.velocity.runtime.directive.Parse
2023-09-13 17:37:19,389 - Loaded System Directive: org.apache.velocity.runtime.directive.Include
2023-09-13 17:37:19,390 - Loaded System Directive: org.apache.velocity.runtime.directive.Foreach
2023-09-13 17:37:19,423 - Created '20' parsers.
2023-09-13 17:37:19,429 - Velocimacro : "velocimacro.library" is not set.  Trying default library: VM_global_library.vm
2023-09-13 17:37:19,429 - Velocimacro : Default library not found.
2023-09-13 17:37:19,429 - Velocimacro : allowInline = true : VMs can be defined inline in templates
2023-09-13 17:37:19,429 - Velocimacro : allowInlineToOverride = false : VMs defined inline may NOT replace previous VM definitions
2023-09-13 17:37:19,429 - Velocimacro : allowInlineLocal = false : VMs defined inline will be global in scope if allowed.
2023-09-13 17:37:19,429 - Velocimacro : autoload off : VM system will not automatically reload global library macros
2023-09-13 17:38:57,237 - Log4JLogChute initialized using file 'velocity.log'
2023-09-13 17:38:57,238 - Initializing Velocity, Calling init()...
2023-09-13 17:38:57,238 - Starting Apache Velocity v1.7 (compiled: 2010-11-19 12:14:37)
2023-09-13 17:38:57,238 - Default Properties File: org\apache\velocity\runtime\defaults\velocity.properties
2023-09-13 17:38:57,238 - Trying to use logger class org.apache.velocity.runtime.log.AvalonLogChute
2023-09-13 17:38:57,238 - Target log system for org.apache.velocity.runtime.log.AvalonLogChute is not available (java.lang.NoClassDefFoundError: org/apache/log/format/Formatter).  Falling back to next log system...
2023-09-13 17:38:57,238 - Trying to use logger class org.apache.velocity.runtime.log.Log4JLogChute
2023-09-13 17:38:57,238 - Using logger class org.apache.velocity.runtime.log.Log4JLogChute
2023-09-13 17:38:57,246 - ResourceLoader instantiated: org.apache.velocity.runtime.resource.loader.FileResourceLoader
2023-09-13 17:38:57,247 - Do unicode file recognition:  false
2023-09-13 17:38:57,248 - FileResourceLoader : adding path '.'
2023-09-13 17:38:57,268 - ResourceCache: initialized (class org.apache.velocity.runtime.resource.ResourceCacheImpl) with class java.util.Collections$SynchronizedMap cache map.
2023-09-13 17:38:57,270 - Loaded System Directive: org.apache.velocity.runtime.directive.Stop
2023-09-13 17:38:57,273 - Loaded System Directive: org.apache.velocity.runtime.directive.Define
2023-09-13 17:38:57,275 - Loaded System Directive: org.apache.velocity.runtime.directive.Break
2023-09-13 17:38:57,276 - Loaded System Directive: org.apache.velocity.runtime.directive.Evaluate
2023-09-13 17:38:57,277 - Loaded System Directive: org.apache.velocity.runtime.directive.Literal
2023-09-13 17:38:57,278 - Loaded System Directive: org.apache.velocity.runtime.directive.Macro
2023-09-13 17:38:57,280 - Loaded System Directive: org.apache.velocity.runtime.directive.Parse
2023-09-13 17:38:57,282 - Loaded System Directive: org.apache.velocity.runtime.directive.Include
2023-09-13 17:38:57,284 - Loaded System Directive: org.apache.velocity.runtime.directive.Foreach
2023-09-13 17:38:57,331 - Created '20' parsers.
2023-09-13 17:38:57,340 - Velocimacro : "velocimacro.library" is not set.  Trying default library: VM_global_library.vm
2023-09-13 17:38:57,340 - Velocimacro : Default library not found.
2023-09-13 17:38:57,340 - Velocimacro : allowInline = true : VMs can be defined inline in templates
2023-09-13 17:38:57,340 - Velocimacro : allowInlineToOverride = false : VMs defined inline may NOT replace previous VM definitions
2023-09-13 17:38:57,340 - Velocimacro : allowInlineLocal = false : VMs defined inline will be global in scope if allowed.
2023-09-13 17:38:57,340 - Velocimacro : autoload off : VM system will not automatically reload global library macros
2023-09-13 17:43:28,750 - Log4JLogChute initialized using file 'velocity.log'
2023-09-13 17:43:28,751 - Initializing Velocity, Calling init()...
2023-09-13 17:43:28,751 - Starting Apache Velocity v1.7 (compiled: 2010-11-19 12:14:37)
2023-09-13 17:43:28,751 - Default Properties File: org\apache\velocity\runtime\defaults\velocity.properties
2023-09-13 17:43:28,751 - Trying to use logger class org.apache.velocity.runtime.log.AvalonLogChute
2023-09-13 17:43:28,751 - Target log system for org.apache.velocity.runtime.log.AvalonLogChute is not available (java.lang.NoClassDefFoundError: org/apache/log/format/Formatter).  Falling back to next log system...
2023-09-13 17:43:28,751 - Trying to use logger class org.apache.velocity.runtime.log.Log4JLogChute
2023-09-13 17:43:28,751 - Using logger class org.apache.velocity.runtime.log.Log4JLogChute
2023-09-13 17:43:28,757 - ResourceLoader instantiated: org.apache.velocity.runtime.resource.loader.FileResourceLoader
2023-09-13 17:43:28,758 - Do unicode file recognition:  false
2023-09-13 17:43:28,758 - FileResourceLoader : adding path '.'
2023-09-13 17:43:28,770 - ResourceCache: initialized (class org.apache.velocity.runtime.resource.ResourceCacheImpl) with class java.util.Collections$SynchronizedMap cache map.
2023-09-13 17:43:28,771 - Loaded System Directive: org.apache.velocity.runtime.directive.Stop
2023-09-13 17:43:28,773 - Loaded System Directive: org.apache.velocity.runtime.directive.Define
2023-09-13 17:43:28,774 - Loaded System Directive: org.apache.velocity.runtime.directive.Break
2023-09-13 17:43:28,775 - Loaded System Directive: org.apache.velocity.runtime.directive.Evaluate
2023-09-13 17:43:28,776 - Loaded System Directive: org.apache.velocity.runtime.directive.Literal
2023-09-13 17:43:28,778 - Loaded System Directive: org.apache.velocity.runtime.directive.Macro
2023-09-13 17:43:28,779 - Loaded System Directive: org.apache.velocity.runtime.directive.Parse
2023-09-13 17:43:28,781 - Loaded System Directive: org.apache.velocity.runtime.directive.Include
2023-09-13 17:43:28,782 - Loaded System Directive: org.apache.velocity.runtime.directive.Foreach
2023-09-13 17:43:28,816 - Created '20' parsers.
2023-09-13 17:43:28,821 - Velocimacro : "velocimacro.library" is not set.  Trying default library: VM_global_library.vm
2023-09-13 17:43:28,821 - Velocimacro : Default library not found.
2023-09-13 17:43:28,821 - Velocimacro : allowInline = true : VMs can be defined inline in templates
2023-09-13 17:43:28,821 - Velocimacro : allowInlineToOverride = false : VMs defined inline may NOT replace previous VM definitions
2023-09-13 17:43:28,821 - Velocimacro : allowInlineLocal = false : VMs defined inline will be global in scope if allowed.
2023-09-13 17:43:28,821 - Velocimacro : autoload off : VM system will not automatically reload global library macros
2023-09-13 17:46:43,590 - Log4JLogChute initialized using file 'velocity.log'
2023-09-13 17:46:43,590 - Initializing Velocity, Calling init()...
2023-09-13 17:46:43,590 - Starting Apache Velocity v1.7 (compiled: 2010-11-19 12:14:37)
2023-09-13 17:46:43,590 - Default Properties File: org\apache\velocity\runtime\defaults\velocity.properties
2023-09-13 17:46:43,590 - Trying to use logger class org.apache.velocity.runtime.log.AvalonLogChute
2023-09-13 17:46:43,590 - Target log system for org.apache.velocity.runtime.log.AvalonLogChute is not available (java.lang.NoClassDefFoundError: org/apache/log/format/Formatter).  Falling back to next log system...
2023-09-13 17:46:43,590 - Trying to use logger class org.apache.velocity.runtime.log.Log4JLogChute
2023-09-13 17:46:43,590 - Using logger class org.apache.velocity.runtime.log.Log4JLogChute
2023-09-13 17:46:43,597 - ResourceLoader instantiated: org.apache.velocity.runtime.resource.loader.FileResourceLoader
2023-09-13 17:46:43,599 - Do unicode file recognition:  false
2023-09-13 17:46:43,599 - FileResourceLoader : adding path '.'
2023-09-13 17:46:43,614 - ResourceCache: initialized (class org.apache.velocity.runtime.resource.ResourceCacheImpl) with class java.util.Collections$SynchronizedMap cache map.
2023-09-13 17:46:43,615 - Loaded System Directive: org.apache.velocity.runtime.directive.Stop
2023-09-13 17:46:43,618 - Loaded System Directive: org.apache.velocity.runtime.directive.Define
2023-09-13 17:46:43,619 - Loaded System Directive: org.apache.velocity.runtime.directive.Break
2023-09-13 17:46:43,620 - Loaded System Directive: org.apache.velocity.runtime.directive.Evaluate
2023-09-13 17:46:43,620 - Loaded System Directive: org.apache.velocity.runtime.directive.Literal
2023-09-13 17:46:43,622 - Loaded System Directive: org.apache.velocity.runtime.directive.Macro
2023-09-13 17:46:43,624 - Loaded System Directive: org.apache.velocity.runtime.directive.Parse
2023-09-13 17:46:43,626 - Loaded System Directive: org.apache.velocity.runtime.directive.Include
2023-09-13 17:46:43,627 - Loaded System Directive: org.apache.velocity.runtime.directive.Foreach
2023-09-13 17:46:43,668 - Created '20' parsers.
2023-09-13 17:46:43,675 - Velocimacro : "velocimacro.library" is not set.  Trying default library: VM_global_library.vm
2023-09-13 17:46:43,676 - Velocimacro : Default library not found.
2023-09-13 17:46:43,676 - Velocimacro : allowInline = true : VMs can be defined inline in templates
2023-09-13 17:46:43,676 - Velocimacro : allowInlineToOverride = false : VMs defined inline may NOT replace previous VM definitions
2023-09-13 17:46:43,676 - Velocimacro : allowInlineLocal = false : VMs defined inline will be global in scope if allowed.
2023-09-13 17:46:43,676 - Velocimacro : autoload off : VM system will not automatically reload global library macros
2023-09-13 17:48:37,828 - Log4JLogChute initialized using file 'velocity.log'
2023-09-13 17:48:37,829 - Initializing Velocity, Calling init()...
2023-09-13 17:48:37,829 - Starting Apache Velocity v1.7 (compiled: 2010-11-19 12:14:37)
2023-09-13 17:48:37,829 - Default Properties File: org\apache\velocity\runtime\defaults\velocity.properties
2023-09-13 17:48:37,829 - Trying to use logger class org.apache.velocity.runtime.log.AvalonLogChute
2023-09-13 17:48:37,829 - Target log system for org.apache.velocity.runtime.log.AvalonLogChute is not available (java.lang.NoClassDefFoundError: org/apache/log/format/Formatter).  Falling back to next log system...
2023-09-13 17:48:37,829 - Trying to use logger class org.apache.velocity.runtime.log.Log4JLogChute
2023-09-13 17:48:37,829 - Using logger class org.apache.velocity.runtime.log.Log4JLogChute
2023-09-13 17:48:37,836 - ResourceLoader instantiated: org.apache.velocity.runtime.resource.loader.FileResourceLoader
2023-09-13 17:48:37,837 - Do unicode file recognition:  false
2023-09-13 17:48:37,837 - FileResourceLoader : adding path '.'
2023-09-13 17:48:37,857 - ResourceCache: initialized (class org.apache.velocity.runtime.resource.ResourceCacheImpl) with class java.util.Collections$SynchronizedMap cache map.
2023-09-13 17:48:37,859 - Loaded System Directive: org.apache.velocity.runtime.directive.Stop
2023-09-13 17:48:37,862 - Loaded System Directive: org.apache.velocity.runtime.directive.Define
2023-09-13 17:48:37,863 - Loaded System Directive: org.apache.velocity.runtime.directive.Break
2023-09-13 17:48:37,864 - Loaded System Directive: org.apache.velocity.runtime.directive.Evaluate
2023-09-13 17:48:37,865 - Loaded System Directive: org.apache.velocity.runtime.directive.Literal
2023-09-13 17:48:37,868 - Loaded System Directive: org.apache.velocity.runtime.directive.Macro
2023-09-13 17:48:37,869 - Loaded System Directive: org.apache.velocity.runtime.directive.Parse
2023-09-13 17:48:37,872 - Loaded System Directive: org.apache.velocity.runtime.directive.Include
2023-09-13 17:48:37,874 - Loaded System Directive: org.apache.velocity.runtime.directive.Foreach
2023-09-13 17:48:37,925 - Created '20' parsers.
2023-09-13 17:48:37,935 - Velocimacro : "velocimacro.library" is not set.  Trying default library: VM_global_library.vm
2023-09-13 17:48:37,936 - Velocimacro : Default library not found.
2023-09-13 17:48:37,936 - Velocimacro : allowInline = true : VMs can be defined inline in templates
2023-09-13 17:48:37,936 - Velocimacro : allowInlineToOverride = false : VMs defined inline may NOT replace previous VM definitions
2023-09-13 17:48:37,936 - Velocimacro : allowInlineLocal = false : VMs defined inline will be global in scope if allowed.
2023-09-13 17:48:37,936 - Velocimacro : autoload off : VM system will not automatically reload global library macros
2023-09-13 17:52:54,084 - Log4JLogChute initialized using file 'velocity.log'
2023-09-13 17:52:54,085 - Initializing Velocity, Calling init()...
2023-09-13 17:52:54,085 - Starting Apache Velocity v1.7 (compiled: 2010-11-19 12:14:37)
2023-09-13 17:52:54,085 - Default Properties File: org\apache\velocity\runtime\defaults\velocity.properties
2023-09-13 17:52:54,085 - Trying to use logger class org.apache.velocity.runtime.log.AvalonLogChute
2023-09-13 17:52:54,085 - Target log system for org.apache.velocity.runtime.log.AvalonLogChute is not available (java.lang.NoClassDefFoundError: org/apache/log/format/Formatter).  Falling back to next log system...
2023-09-13 17:52:54,085 - Trying to use logger class org.apache.velocity.runtime.log.Log4JLogChute
2023-09-13 17:52:54,085 - Using logger class org.apache.velocity.runtime.log.Log4JLogChute
2023-09-13 17:52:54,091 - ResourceLoader instantiated: org.apache.velocity.runtime.resource.loader.FileResourceLoader
2023-09-13 17:52:54,092 - Do unicode file recognition:  false
2023-09-13 17:52:54,092 - FileResourceLoader : adding path '.'
2023-09-13 17:52:54,111 - ResourceCache: initialized (class org.apache.velocity.runtime.resource.ResourceCacheImpl) with class java.util.Collections$SynchronizedMap cache map.
2023-09-13 17:52:54,113 - Loaded System Directive: org.apache.velocity.runtime.directive.Stop
2023-09-13 17:52:54,114 - Loaded System Directive: org.apache.velocity.runtime.directive.Define
2023-09-13 17:52:54,116 - Loaded System Directive: org.apache.velocity.runtime.directive.Break
2023-09-13 17:52:54,117 - Loaded System Directive: org.apache.velocity.runtime.directive.Evaluate
2023-09-13 17:52:54,117 - Loaded System Directive: org.apache.velocity.runtime.directive.Literal
2023-09-13 17:52:54,119 - Loaded System Directive: org.apache.velocity.runtime.directive.Macro
2023-09-13 17:52:54,120 - Loaded System Directive: org.apache.velocity.runtime.directive.Parse
2023-09-13 17:52:54,122 - Loaded System Directive: org.apache.velocity.runtime.directive.Include
2023-09-13 17:52:54,124 - Loaded System Directive: org.apache.velocity.runtime.directive.Foreach
2023-09-13 17:52:54,165 - Created '20' parsers.
2023-09-13 17:52:54,174 - Velocimacro : "velocimacro.library" is not set.  Trying default library: VM_global_library.vm
2023-09-13 17:52:54,175 - Velocimacro : Default library not found.
2023-09-13 17:52:54,175 - Velocimacro : allowInline = true : VMs can be defined inline in templates
2023-09-13 17:52:54,175 - Velocimacro : allowInlineToOverride = false : VMs defined inline may NOT replace previous VM definitions
2023-09-13 17:52:54,175 - Velocimacro : allowInlineLocal = false : VMs defined inline will be global in scope if allowed.
2023-09-13 17:52:54,175 - Velocimacro : autoload off : VM system will not automatically reload global library macros
2023-09-13 18:02:31,615 - Log4JLogChute initialized using file 'velocity.log'
2023-09-13 18:02:31,615 - Initializing Velocity, Calling init()...
2023-09-13 18:02:31,615 - Starting Apache Velocity v1.7 (compiled: 2010-11-19 12:14:37)
2023-09-13 18:02:31,615 - Default Properties File: org\apache\velocity\runtime\defaults\velocity.properties
2023-09-13 18:02:31,615 - Trying to use logger class org.apache.velocity.runtime.log.AvalonLogChute
2023-09-13 18:02:31,615 - Target log system for org.apache.velocity.runtime.log.AvalonLogChute is not available (java.lang.NoClassDefFoundError: org/apache/log/format/Formatter).  Falling back to next log system...
2023-09-13 18:02:31,615 - Trying to use logger class org.apache.velocity.runtime.log.Log4JLogChute
2023-09-13 18:02:31,615 - Using logger class org.apache.velocity.runtime.log.Log4JLogChute
2023-09-13 18:02:31,625 - ResourceLoader instantiated: org.apache.velocity.runtime.resource.loader.FileResourceLoader
2023-09-13 18:02:31,627 - Do unicode file recognition:  false
2023-09-13 18:02:31,627 - FileResourceLoader : adding path '.'
2023-09-13 18:02:31,646 - ResourceCache: initialized (class org.apache.velocity.runtime.resource.ResourceCacheImpl) with class java.util.Collections$SynchronizedMap cache map.
2023-09-13 18:02:31,650 - Loaded System Directive: org.apache.velocity.runtime.directive.Stop
2023-09-13 18:02:31,652 - Loaded System Directive: org.apache.velocity.runtime.directive.Define
2023-09-13 18:02:31,653 - Loaded System Directive: org.apache.velocity.runtime.directive.Break
2023-09-13 18:02:31,655 - Loaded System Directive: org.apache.velocity.runtime.directive.Evaluate
2023-09-13 18:02:31,655 - Loaded System Directive: org.apache.velocity.runtime.directive.Literal
2023-09-13 18:02:31,657 - Loaded System Directive: org.apache.velocity.runtime.directive.Macro
2023-09-13 18:02:31,659 - Loaded System Directive: org.apache.velocity.runtime.directive.Parse
2023-09-13 18:02:31,661 - Loaded System Directive: org.apache.velocity.runtime.directive.Include
2023-09-13 18:02:31,663 - Loaded System Directive: org.apache.velocity.runtime.directive.Foreach
2023-09-13 18:02:31,710 - Created '20' parsers.
2023-09-13 18:02:31,720 - Velocimacro : "velocimacro.library" is not set.  Trying default library: VM_global_library.vm
2023-09-13 18:02:31,720 - Velocimacro : Default library not found.
2023-09-13 18:02:31,720 - Velocimacro : allowInline = true : VMs can be defined inline in templates
2023-09-13 18:02:31,720 - Velocimacro : allowInlineToOverride = false : VMs defined inline may NOT replace previous VM definitions
2023-09-13 18:02:31,720 - Velocimacro : allowInlineLocal = false : VMs defined inline will be global in scope if allowed.
2023-09-13 18:02:31,720 - Velocimacro : autoload off : VM system will not automatically reload global library macros
2023-09-13 18:18:59,307 - Log4JLogChute initialized using file 'velocity.log'
2023-09-13 18:18:59,308 - Initializing Velocity, Calling init()...
2023-09-13 18:18:59,308 - Starting Apache Velocity v1.7 (compiled: 2010-11-19 12:14:37)
2023-09-13 18:18:59,308 - Default Properties File: org\apache\velocity\runtime\defaults\velocity.properties
2023-09-13 18:18:59,308 - Trying to use logger class org.apache.velocity.runtime.log.AvalonLogChute
2023-09-13 18:18:59,308 - Target log system for org.apache.velocity.runtime.log.AvalonLogChute is not available (java.lang.NoClassDefFoundError: org/apache/log/format/Formatter).  Falling back to next log system...
2023-09-13 18:18:59,308 - Trying to use logger class org.apache.velocity.runtime.log.Log4JLogChute
2023-09-13 18:18:59,308 - Using logger class org.apache.velocity.runtime.log.Log4JLogChute
2023-09-13 18:18:59,320 - ResourceLoader instantiated: org.apache.velocity.runtime.resource.loader.FileResourceLoader
2023-09-13 18:18:59,323 - Do unicode file recognition:  false
2023-09-13 18:18:59,323 - FileResourceLoader : adding path '.'
2023-09-13 18:18:59,353 - ResourceCache: initialized (class org.apache.velocity.runtime.resource.ResourceCacheImpl) with class java.util.Collections$SynchronizedMap cache map.
2023-09-13 18:18:59,355 - Loaded System Directive: org.apache.velocity.runtime.directive.Stop
2023-09-13 18:18:59,357 - Loaded System Directive: org.apache.velocity.runtime.directive.Define
2023-09-13 18:18:59,359 - Loaded System Directive: org.apache.velocity.runtime.directive.Break
2023-09-13 18:18:59,361 - Loaded System Directive: org.apache.velocity.runtime.directive.Evaluate
2023-09-13 18:18:59,361 - Loaded System Directive: org.apache.velocity.runtime.directive.Literal
2023-09-13 18:18:59,365 - Loaded System Directive: org.apache.velocity.runtime.directive.Macro
2023-09-13 18:18:59,369 - Loaded System Directive: org.apache.velocity.runtime.directive.Parse
2023-09-13 18:18:59,372 - Loaded System Directive: org.apache.velocity.runtime.directive.Include
2023-09-13 18:18:59,374 - Loaded System Directive: org.apache.velocity.runtime.directive.Foreach
2023-09-13 18:18:59,491 - Created '20' parsers.
2023-09-13 18:18:59,509 - Velocimacro : "velocimacro.library" is not set.  Trying default library: VM_global_library.vm
2023-09-13 18:18:59,509 - Velocimacro : Default library not found.
2023-09-13 18:18:59,509 - Velocimacro : allowInline = true : VMs can be defined inline in templates
2023-09-13 18:18:59,509 - Velocimacro : allowInlineToOverride = false : VMs defined inline may NOT replace previous VM definitions
2023-09-13 18:18:59,509 - Velocimacro : allowInlineLocal = false : VMs defined inline will be global in scope if allowed.
2023-09-13 18:18:59,509 - Velocimacro : autoload off : VM system will not automatically reload global library macros
2023-09-13 18:47:53,538 - Log4JLogChute initialized using file 'velocity.log'
2023-09-13 18:47:53,538 - Initializing Velocity, Calling init()...
2023-09-13 18:47:53,538 - Starting Apache Velocity v1.7 (compiled: 2010-11-19 12:14:37)
2023-09-13 18:47:53,538 - Default Properties File: org\apache\velocity\runtime\defaults\velocity.properties
2023-09-13 18:47:53,538 - Trying to use logger class org.apache.velocity.runtime.log.AvalonLogChute
2023-09-13 18:47:53,538 - Target log system for org.apache.velocity.runtime.log.AvalonLogChute is not available (java.lang.NoClassDefFoundError: org/apache/log/format/Formatter).  Falling back to next log system...
2023-09-13 18:47:53,538 - Trying to use logger class org.apache.velocity.runtime.log.Log4JLogChute
2023-09-13 18:47:53,538 - Using logger class org.apache.velocity.runtime.log.Log4JLogChute
2023-09-13 18:47:53,547 - ResourceLoader instantiated: org.apache.velocity.runtime.resource.loader.FileResourceLoader
2023-09-13 18:47:53,548 - Do unicode file recognition:  false
2023-09-13 18:47:53,548 - FileResourceLoader : adding path '.'
2023-09-13 18:47:53,562 - ResourceCache: initialized (class org.apache.velocity.runtime.resource.ResourceCacheImpl) with class java.util.Collections$SynchronizedMap cache map.
2023-09-13 18:47:53,566 - Loaded System Directive: org.apache.velocity.runtime.directive.Stop
2023-09-13 18:47:53,568 - Loaded System Directive: org.apache.velocity.runtime.directive.Define
2023-09-13 18:47:53,571 - Loaded System Directive: org.apache.velocity.runtime.directive.Break
2023-09-13 18:47:53,572 - Loaded System Directive: org.apache.velocity.runtime.directive.Evaluate
2023-09-13 18:47:53,573 - Loaded System Directive: org.apache.velocity.runtime.directive.Literal
2023-09-13 18:47:53,575 - Loaded System Directive: org.apache.velocity.runtime.directive.Macro
2023-09-13 18:47:53,578 - Loaded System Directive: org.apache.velocity.runtime.directive.Parse
2023-09-13 18:47:53,580 - Loaded System Directive: org.apache.velocity.runtime.directive.Include
2023-09-13 18:47:53,582 - Loaded System Directive: org.apache.velocity.runtime.directive.Foreach
2023-09-13 18:47:53,636 - Created '20' parsers.
2023-09-13 18:47:53,645 - Velocimacro : "velocimacro.library" is not set.  Trying default library: VM_global_library.vm
2023-09-13 18:47:53,646 - Velocimacro : Default library not found.
2023-09-13 18:47:53,646 - Velocimacro : allowInline = true : VMs can be defined inline in templates
2023-09-13 18:47:53,646 - Velocimacro : allowInlineToOverride = false : VMs defined inline may NOT replace previous VM definitions
2023-09-13 18:47:53,646 - Velocimacro : allowInlineLocal = false : VMs defined inline will be global in scope if allowed.
2023-09-13 18:47:53,646 - Velocimacro : autoload off : VM system will not automatically reload global library macros
2023-09-13 18:48:49,042 - Log4JLogChute initialized using file 'velocity.log'
2023-09-13 18:48:49,043 - Initializing Velocity, Calling init()...
2023-09-13 18:48:49,043 - Starting Apache Velocity v1.7 (compiled: 2010-11-19 12:14:37)
2023-09-13 18:48:49,043 - Default Properties File: org\apache\velocity\runtime\defaults\velocity.properties
2023-09-13 18:48:49,043 - Trying to use logger class org.apache.velocity.runtime.log.AvalonLogChute
2023-09-13 18:48:49,043 - Target log system for org.apache.velocity.runtime.log.AvalonLogChute is not available (java.lang.NoClassDefFoundError: org/apache/log/format/Formatter).  Falling back to next log system...
2023-09-13 18:48:49,043 - Trying to use logger class org.apache.velocity.runtime.log.Log4JLogChute
2023-09-13 18:48:49,043 - Using logger class org.apache.velocity.runtime.log.Log4JLogChute
2023-09-13 18:48:49,048 - ResourceLoader instantiated: org.apache.velocity.runtime.resource.loader.FileResourceLoader
2023-09-13 18:48:49,050 - Do unicode file recognition:  false
2023-09-13 18:48:49,050 - FileResourceLoader : adding path '.'
2023-09-13 18:48:49,064 - ResourceCache: initialized (class org.apache.velocity.runtime.resource.ResourceCacheImpl) with class java.util.Collections$SynchronizedMap cache map.
2023-09-13 18:48:49,066 - Loaded System Directive: org.apache.velocity.runtime.directive.Stop
2023-09-13 18:48:49,067 - Loaded System Directive: org.apache.velocity.runtime.directive.Define
2023-09-13 18:48:49,068 - Loaded System Directive: org.apache.velocity.runtime.directive.Break
2023-09-13 18:48:49,069 - Loaded System Directive: org.apache.velocity.runtime.directive.Evaluate
2023-09-13 18:48:49,071 - Loaded System Directive: org.apache.velocity.runtime.directive.Literal
2023-09-13 18:48:49,072 - Loaded System Directive: org.apache.velocity.runtime.directive.Macro
2023-09-13 18:48:49,075 - Loaded System Directive: org.apache.velocity.runtime.directive.Parse
2023-09-13 18:48:49,077 - Loaded System Directive: org.apache.velocity.runtime.directive.Include
2023-09-13 18:48:49,078 - Loaded System Directive: org.apache.velocity.runtime.directive.Foreach
2023-09-13 18:48:49,117 - Created '20' parsers.
2023-09-13 18:48:49,127 - Velocimacro : "velocimacro.library" is not set.  Trying default library: VM_global_library.vm
2023-09-13 18:48:49,127 - Velocimacro : Default library not found.
2023-09-13 18:48:49,127 - Velocimacro : allowInline = true : VMs can be defined inline in templates
2023-09-13 18:48:49,127 - Velocimacro : allowInlineToOverride = false : VMs defined inline may NOT replace previous VM definitions
2023-09-13 18:48:49,127 - Velocimacro : allowInlineLocal = false : VMs defined inline will be global in scope if allowed.
2023-09-13 18:48:49,127 - Velocimacro : autoload off : VM system will not automatically reload global library macros
2023-09-13 19:42:08,275 - Log4JLogChute initialized using file 'velocity.log'
2023-09-13 19:42:08,275 - Initializing Velocity, Calling init()...
2023-09-13 19:42:08,275 - Starting Apache Velocity v1.7 (compiled: 2010-11-19 12:14:37)
2023-09-13 19:42:08,275 - Default Properties File: org\apache\velocity\runtime\defaults\velocity.properties
2023-09-13 19:42:08,275 - Trying to use logger class org.apache.velocity.runtime.log.AvalonLogChute
2023-09-13 19:42:08,275 - Target log system for org.apache.velocity.runtime.log.AvalonLogChute is not available (java.lang.NoClassDefFoundError: org/apache/log/format/Formatter).  Falling back to next log system...
2023-09-13 19:42:08,275 - Trying to use logger class org.apache.velocity.runtime.log.Log4JLogChute
2023-09-13 19:42:08,276 - Using logger class org.apache.velocity.runtime.log.Log4JLogChute
2023-09-13 19:42:08,283 - ResourceLoader instantiated: org.apache.velocity.runtime.resource.loader.FileResourceLoader
2023-09-13 19:42:08,285 - Do unicode file recognition:  false
2023-09-13 19:42:08,285 - FileResourceLoader : adding path '.'
2023-09-13 19:42:08,306 - ResourceCache: initialized (class org.apache.velocity.runtime.resource.ResourceCacheImpl) with class java.util.Collections$SynchronizedMap cache map.
2023-09-13 19:42:08,308 - Loaded System Directive: org.apache.velocity.runtime.directive.Stop
2023-09-13 19:42:08,310 - Loaded System Directive: org.apache.velocity.runtime.directive.Define
2023-09-13 19:42:08,311 - Loaded System Directive: org.apache.velocity.runtime.directive.Break
2023-09-13 19:42:08,311 - Loaded System Directive: org.apache.velocity.runtime.directive.Evaluate
2023-09-13 19:42:08,313 - Loaded System Directive: org.apache.velocity.runtime.directive.Literal
2023-09-13 19:42:08,315 - Loaded System Directive: org.apache.velocity.runtime.directive.Macro
2023-09-13 19:42:08,316 - Loaded System Directive: org.apache.velocity.runtime.directive.Parse
2023-09-13 19:42:08,317 - Loaded System Directive: org.apache.velocity.runtime.directive.Include
2023-09-13 19:42:08,320 - Loaded System Directive: org.apache.velocity.runtime.directive.Foreach
2023-09-13 19:42:08,376 - Created '20' parsers.
2023-09-13 19:42:08,383 - Velocimacro : "velocimacro.library" is not set.  Trying default library: VM_global_library.vm
2023-09-13 19:42:08,383 - Velocimacro : Default library not found.
2023-09-13 19:42:08,383 - Velocimacro : allowInline = true : VMs can be defined inline in templates
2023-09-13 19:42:08,383 - Velocimacro : allowInlineToOverride = false : VMs defined inline may NOT replace previous VM definitions
2023-09-13 19:42:08,383 - Velocimacro : allowInlineLocal = false : VMs defined inline will be global in scope if allowed.
2023-09-13 19:42:08,383 - Velocimacro : autoload off : VM system will not automatically reload global library macros
2023-09-13 19:43:40,447 - Log4JLogChute initialized using file 'velocity.log'
2023-09-13 19:43:40,448 - Initializing Velocity, Calling init()...
2023-09-13 19:43:40,448 - Starting Apache Velocity v1.7 (compiled: 2010-11-19 12:14:37)
2023-09-13 19:43:40,448 - Default Properties File: org\apache\velocity\runtime\defaults\velocity.properties
2023-09-13 19:43:40,448 - Trying to use logger class org.apache.velocity.runtime.log.AvalonLogChute
2023-09-13 19:43:40,448 - Target log system for org.apache.velocity.runtime.log.AvalonLogChute is not available (java.lang.NoClassDefFoundError: org/apache/log/format/Formatter).  Falling back to next log system...
2023-09-13 19:43:40,448 - Trying to use logger class org.apache.velocity.runtime.log.Log4JLogChute
2023-09-13 19:43:40,448 - Using logger class org.apache.velocity.runtime.log.Log4JLogChute
2023-09-13 19:43:40,452 - ResourceLoader instantiated: org.apache.velocity.runtime.resource.loader.FileResourceLoader
2023-09-13 19:43:40,453 - Do unicode file recognition:  false
2023-09-13 19:43:40,453 - FileResourceLoader : adding path '.'
2023-09-13 19:43:40,464 - ResourceCache: initialized (class org.apache.velocity.runtime.resource.ResourceCacheImpl) with class java.util.Collections$SynchronizedMap cache map.
2023-09-13 19:43:40,465 - Loaded System Directive: org.apache.velocity.runtime.directive.Stop
2023-09-13 19:43:40,466 - Loaded System Directive: org.apache.velocity.runtime.directive.Define
2023-09-13 19:43:40,466 - Loaded System Directive: org.apache.velocity.runtime.directive.Break
2023-09-13 19:43:40,467 - Loaded System Directive: org.apache.velocity.runtime.directive.Evaluate
2023-09-13 19:43:40,467 - Loaded System Directive: org.apache.velocity.runtime.directive.Literal
2023-09-13 19:43:40,468 - Loaded System Directive: org.apache.velocity.runtime.directive.Macro
2023-09-13 19:43:40,469 - Loaded System Directive: org.apache.velocity.runtime.directive.Parse
2023-09-13 19:43:40,470 - Loaded System Directive: org.apache.velocity.runtime.directive.Include
2023-09-13 19:43:40,471 - Loaded System Directive: org.apache.velocity.runtime.directive.Foreach
2023-09-13 19:43:40,498 - Created '20' parsers.
2023-09-13 19:43:40,503 - Velocimacro : "velocimacro.library" is not set.  Trying default library: VM_global_library.vm
2023-09-13 19:43:40,504 - Velocimacro : Default library not found.
2023-09-13 19:43:40,504 - Velocimacro : allowInline = true : VMs can be defined inline in templates
2023-09-13 19:43:40,504 - Velocimacro : allowInlineToOverride = false : VMs defined inline may NOT replace previous VM definitions
2023-09-13 19:43:40,504 - Velocimacro : allowInlineLocal = false : VMs defined inline will be global in scope if allowed.
2023-09-13 19:43:40,504 - Velocimacro : autoload off : VM system will not automatically reload global library macros
2023-09-13 19:44:18,104 - Log4JLogChute initialized using file 'velocity.log'
2023-09-13 19:44:18,104 - Initializing Velocity, Calling init()...
2023-09-13 19:44:18,104 - Starting Apache Velocity v1.7 (compiled: 2010-11-19 12:14:37)
2023-09-13 19:44:18,104 - Default Properties File: org\apache\velocity\runtime\defaults\velocity.properties
2023-09-13 19:44:18,104 - Trying to use logger class org.apache.velocity.runtime.log.AvalonLogChute
2023-09-13 19:44:18,104 - Target log system for org.apache.velocity.runtime.log.AvalonLogChute is not available (java.lang.NoClassDefFoundError: org/apache/log/format/Formatter).  Falling back to next log system...
2023-09-13 19:44:18,104 - Trying to use logger class org.apache.velocity.runtime.log.Log4JLogChute
2023-09-13 19:44:18,104 - Using logger class org.apache.velocity.runtime.log.Log4JLogChute
2023-09-13 19:44:18,111 - ResourceLoader instantiated: org.apache.velocity.runtime.resource.loader.FileResourceLoader
2023-09-13 19:44:18,113 - Do unicode file recognition:  false
2023-09-13 19:44:18,113 - FileResourceLoader : adding path '.'
2023-09-13 19:44:18,127 - ResourceCache: initialized (class org.apache.velocity.runtime.resource.ResourceCacheImpl) with class java.util.Collections$SynchronizedMap cache map.
2023-09-13 19:44:18,128 - Loaded System Directive: org.apache.velocity.runtime.directive.Stop
2023-09-13 19:44:18,129 - Loaded System Directive: org.apache.velocity.runtime.directive.Define
2023-09-13 19:44:18,130 - Loaded System Directive: org.apache.velocity.runtime.directive.Break
2023-09-13 19:44:18,131 - Loaded System Directive: org.apache.velocity.runtime.directive.Evaluate
2023-09-13 19:44:18,132 - Loaded System Directive: org.apache.velocity.runtime.directive.Literal
2023-09-13 19:44:18,134 - Loaded System Directive: org.apache.velocity.runtime.directive.Macro
2023-09-13 19:44:18,135 - Loaded System Directive: org.apache.velocity.runtime.directive.Parse
2023-09-13 19:44:18,137 - Loaded System Directive: org.apache.velocity.runtime.directive.Include
2023-09-13 19:44:18,138 - Loaded System Directive: org.apache.velocity.runtime.directive.Foreach
2023-09-13 19:44:18,176 - Created '20' parsers.
2023-09-13 19:44:18,184 - Velocimacro : "velocimacro.library" is not set.  Trying default library: VM_global_library.vm
2023-09-13 19:44:18,184 - Velocimacro : Default library not found.
2023-09-13 19:44:18,184 - Velocimacro : allowInline = true : VMs can be defined inline in templates
2023-09-13 19:44:18,184 - Velocimacro : allowInlineToOverride = false : VMs defined inline may NOT replace previous VM definitions
2023-09-13 19:44:18,184 - Velocimacro : allowInlineLocal = false : VMs defined inline will be global in scope if allowed.
2023-09-13 19:44:18,184 - Velocimacro : autoload off : VM system will not automatically reload global library macros
